<?xml version="1.0" encoding="UTF-8"?>
<!-- Generated by org.testng.reporters.JUnitXMLReporter -->
<testsuite ignored="0" hostname="ASUS-PC" failures="0" tests="4" name="Default test" time="9.189" errors="0" timestamp="2021-04-12T04:54:12 IST">
  <testcase classname="com.hrs.qa.testcases.LoginPageTest" name="validatePageTitle" time="0.06"/>
  <testcase classname="com.hrs.qa.testcases.LoginPageTest" name="validateStatusCode" time="0.01"/>
  <testcase classname="com.hrs.qa.testcases.LoginPageTest" name="validateContentType" time="0.003"/>
  <testcase classname="com.hrs.qa.testcases.LoginPageTest" name="validateStatusLine" time="0.002"/>
</testsuite> <!-- Default test -->
