<?xml version="1.0" encoding="UTF-8"?>
<testng-results ignored="0" total="4" passed="4" failed="0" skipped="0">
  <reporter-output>
  </reporter-output>
  <suite started-at="2021-04-12T04:54:03 IST" name="Default suite" finished-at="2021-04-12T04:54:12 IST" duration-ms="9189">
    <groups>
    </groups>
    <test started-at="2021-04-12T04:54:03 IST" name="Default test" finished-at="2021-04-12T04:54:12 IST" duration-ms="9189">
      <class name="com.hrs.qa.testcases.LoginPageTest">
        <test-method is-config="true" signature="setup()[pri:0, instance:com.hrs.qa.testcases.LoginPageTest@71b1176b]" started-at="2021-04-12T04:54:03 IST" name="setup" finished-at="2021-04-12T04:54:03 IST" duration-ms="64" status="PASS">
          <reporter-output>
          </reporter-output>
        </test-method> <!-- setup -->
        <test-method is-config="true" signature="setUp()[pri:0, instance:com.hrs.qa.testcases.LoginPageTest@71b1176b]" started-at="2021-04-12T04:54:03 IST" name="setUp" finished-at="2021-04-12T04:54:09 IST" duration-ms="5928" status="PASS">
          <reporter-output>
          </reporter-output>
        </test-method> <!-- setUp -->
        <test-method signature="validatePageTitle()[pri:1, instance:com.hrs.qa.testcases.LoginPageTest@71b1176b]" started-at="2021-04-12T04:54:09 IST" name="validatePageTitle" finished-at="2021-04-12T04:54:09 IST" duration-ms="60" status="PASS">
          <reporter-output>
          </reporter-output>
        </test-method> <!-- validatePageTitle -->
        <test-method is-config="true" signature="setUp()[pri:0, instance:com.hrs.qa.testcases.LoginPageTest@71b1176b]" started-at="2021-04-12T04:54:09 IST" name="setUp" finished-at="2021-04-12T04:54:10 IST" duration-ms="1050" status="PASS">
          <reporter-output>
          </reporter-output>
        </test-method> <!-- setUp -->
        <test-method signature="validateStatusCode()[pri:2, instance:com.hrs.qa.testcases.LoginPageTest@71b1176b]" started-at="2021-04-12T04:54:10 IST" name="validateStatusCode" finished-at="2021-04-12T04:54:10 IST" duration-ms="10" status="PASS">
          <reporter-output>
          </reporter-output>
        </test-method> <!-- validateStatusCode -->
        <test-method is-config="true" signature="setUp()[pri:0, instance:com.hrs.qa.testcases.LoginPageTest@71b1176b]" started-at="2021-04-12T04:54:10 IST" name="setUp" finished-at="2021-04-12T04:54:11 IST" duration-ms="936" status="PASS">
          <reporter-output>
          </reporter-output>
        </test-method> <!-- setUp -->
        <test-method signature="validateContentType()[pri:3, instance:com.hrs.qa.testcases.LoginPageTest@71b1176b]" started-at="2021-04-12T04:54:11 IST" name="validateContentType" finished-at="2021-04-12T04:54:11 IST" duration-ms="3" status="PASS">
          <reporter-output>
          </reporter-output>
        </test-method> <!-- validateContentType -->
        <test-method is-config="true" signature="setUp()[pri:0, instance:com.hrs.qa.testcases.LoginPageTest@71b1176b]" started-at="2021-04-12T04:54:11 IST" name="setUp" finished-at="2021-04-12T04:54:12 IST" duration-ms="1039" status="PASS">
          <reporter-output>
          </reporter-output>
        </test-method> <!-- setUp -->
        <test-method signature="validateStatusLine()[pri:4, instance:com.hrs.qa.testcases.LoginPageTest@71b1176b]" started-at="2021-04-12T04:54:12 IST" name="validateStatusLine" finished-at="2021-04-12T04:54:12 IST" duration-ms="2" status="PASS">
          <reporter-output>
          </reporter-output>
        </test-method> <!-- validateStatusLine -->
      </class> <!-- com.hrs.qa.testcases.LoginPageTest -->
    </test> <!-- Default test -->
  </suite> <!-- Default suite -->
</testng-results>
